<?xml version="1.0" encoding="UTF-8"?>
<testsuite name="org.neutralnews.ExampleUnitTest" tests="1" skipped="0" failures="0" errors="0" timestamp="2024-10-26T21:15:19" hostname="pop-os" time="0.004">
  <properties/>
  <testcase name="addition_isCorrect" classname="org.neutralnews.ExampleUnitTest" time="0.004"/>
  <system-out><![CDATA[]]></system-out>
  <system-err><![CDATA[]]></system-err>
</testsuite>
